{"D:\\projects\\CAREER\\meet\\src\\api.js": {"path":"D:\\projects\\CAREER\\meet\\src\\api.js","statementMap":{"0":{"start":{"line":11,"column":32},"end":{"line":15,"column":1}},"1":{"start":{"line":12,"column":31},"end":{"line":12,"column":68}},"2":{"start":{"line":12,"column":53},"end":{"line":12,"column":67}},"3":{"start":{"line":13,"column":22},"end":{"line":13,"column":54}},"4":{"start":{"line":14,"column":4},"end":{"line":14,"column":21}},"5":{"start":{"line":21,"column":25},"end":{"line":23,"column":1}},"6":{"start":{"line":22,"column":4},"end":{"line":22,"column":20}}},"fnMap":{"0":{"name":"(anonymous_0)","decl":{"start":{"line":11,"column":32},"end":{"line":11,"column":33}},"loc":{"start":{"line":11,"column":44},"end":{"line":15,"column":1}},"line":11},"1":{"name":"(anonymous_1)","decl":{"start":{"line":12,"column":42},"end":{"line":12,"column":43}},"loc":{"start":{"line":12,"column":53},"end":{"line":12,"column":67}},"line":12},"2":{"name":"(anonymous_2)","decl":{"start":{"line":21,"column":25},"end":{"line":21,"column":26}},"loc":{"start":{"line":21,"column":37},"end":{"line":23,"column":1}},"line":21}},"branchMap":{},"s":{"0":1,"1":2,"2":70,"3":2,"4":2,"5":1,"6":2},"f":{"0":2,"1":70,"2":2},"b":{},"_coverageSchema":"1a1c01bbd47fc00a2c39e90264f33305004495a9","hash":"19914ffabe87bdefbb3f2c23532a77af44a6eca8"}
,"D:\\projects\\CAREER\\meet\\src\\components\\CitySearch.js": {"path":"D:\\projects\\CAREER\\meet\\src\\components\\CitySearch.js","statementMap":{"0":{"start":{"line":3,"column":19},"end":{"line":54,"column":1}},"1":{"start":{"line":4,"column":50},"end":{"line":4,"column":65}},"2":{"start":{"line":5,"column":30},"end":{"line":5,"column":42}},"3":{"start":{"line":6,"column":42},"end":{"line":6,"column":54}},"4":{"start":{"line":8,"column":31},"end":{"line":20,"column":5}},"5":{"start":{"line":9,"column":22},"end":{"line":9,"column":40}},"6":{"start":{"line":10,"column":34},"end":{"line":16,"column":16}},"7":{"start":{"line":12,"column":18},"end":{"line":14,"column":20}},"8":{"start":{"line":18,"column":8},"end":{"line":18,"column":24}},"9":{"start":{"line":19,"column":8},"end":{"line":19,"column":42}},"10":{"start":{"line":22,"column":30},"end":{"line":26,"column":5}},"11":{"start":{"line":23,"column":22},"end":{"line":23,"column":46}},"12":{"start":{"line":24,"column":8},"end":{"line":24,"column":24}},"13":{"start":{"line":25,"column":8},"end":{"line":25,"column":34}},"14":{"start":{"line":28,"column":4},"end":{"line":53,"column":6}},"15":{"start":{"line":35,"column":31},"end":{"line":35,"column":55}},"16":{"start":{"line":41,"column":24},"end":{"line":45,"column":26}}},"fnMap":{"0":{"name":"(anonymous_0)","decl":{"start":{"line":3,"column":19},"end":{"line":3,"column":20}},"loc":{"start":{"line":3,"column":41},"end":{"line":54,"column":1}},"line":3},"1":{"name":"(anonymous_1)","decl":{"start":{"line":8,"column":31},"end":{"line":8,"column":32}},"loc":{"start":{"line":8,"column":42},"end":{"line":20,"column":5}},"line":8},"2":{"name":"(anonymous_2)","decl":{"start":{"line":11,"column":34},"end":{"line":11,"column":35}},"loc":{"start":{"line":11,"column":48},"end":{"line":15,"column":15}},"line":11},"3":{"name":"(anonymous_3)","decl":{"start":{"line":22,"column":30},"end":{"line":22,"column":31}},"loc":{"start":{"line":22,"column":41},"end":{"line":26,"column":5}},"line":22},"4":{"name":"(anonymous_4)","decl":{"start":{"line":35,"column":25},"end":{"line":35,"column":26}},"loc":{"start":{"line":35,"column":31},"end":{"line":35,"column":55}},"line":35},"5":{"name":"(anonymous_5)","decl":{"start":{"line":40,"column":37},"end":{"line":40,"column":38}},"loc":{"start":{"line":40,"column":53},"end":{"line":46,"column":21}},"line":40}},"branchMap":{"0":{"loc":{"start":{"line":10,"column":34},"end":{"line":16,"column":16}},"type":"cond-expr","locations":[{"start":{"line":11,"column":14},"end":{"line":15,"column":16}},{"start":{"line":16,"column":14},"end":{"line":16,"column":16}}],"line":10},"1":{"loc":{"start":{"line":38,"column":13},"end":{"line":51,"column":20}},"type":"cond-expr","locations":[{"start":{"line":39,"column":16},"end":{"line":50,"column":21}},{"start":{"line":51,"column":16},"end":{"line":51,"column":20}}],"line":38}},"s":{"0":2,"1":25,"2":25,"3":25,"4":25,"5":12,"6":12,"7":24,"8":12,"9":12,"10":25,"11":1,"12":1,"13":1,"14":25,"15":3,"16":12},"f":{"0":25,"1":12,"2":24,"3":1,"4":3,"5":12},"b":{"0":[12,0],"1":[15,10]},"_coverageSchema":"1a1c01bbd47fc00a2c39e90264f33305004495a9","hash":"03111b2bf2e7ec2028adf4c3250dd7757cd50eea"}
}
