TN:
SF:src\api.js
FN:11,(anonymous_0)
FN:12,(anonymous_1)
FN:21,(anonymous_2)
FNF:3
FNH:3
FNDA:2,(anonymous_0)
FNDA:70,(anonymous_1)
FNDA:2,(anonymous_2)
DA:11,1
DA:12,70
DA:13,2
DA:14,2
DA:21,1
DA:22,2
LF:6
LH:6
BRF:0
BRH:0
end_of_record
TN:
SF:src\components\CitySearch.js
FN:3,(anonymous_0)
FN:8,(anonymous_1)
FN:11,(anonymous_2)
FN:22,(anonymous_3)
FN:35,(anonymous_4)
FN:40,(anonymous_5)
FNF:6
FNH:6
FNDA:25,(anonymous_0)
FNDA:12,(anonymous_1)
FNDA:24,(anonymous_2)
FNDA:1,(anonymous_3)
FNDA:3,(anonymous_4)
FNDA:12,(anonymous_5)
DA:3,2
DA:4,25
DA:5,25
DA:6,25
DA:8,25
DA:9,12
DA:10,12
DA:12,24
DA:18,12
DA:19,12
DA:22,25
DA:23,1
DA:24,1
DA:25,1
DA:28,25
DA:35,3
DA:41,12
LF:17
LH:17
BRDA:10,0,0,12
BRDA:10,0,1,0
BRDA:38,1,0,15
BRDA:38,1,1,10
BRF:4
BRH:3
end_of_record
